<?xml version="1.0" encoding="UTF-8"?>
<testsuite name="org.launchcode.ComputerTest" tests="4" skipped="0" failures="0" errors="0" timestamp="2024-10-23T17:03:22" hostname="MIKES-DESKTOP" time="0.018">
  <properties/>
  <testcase name="constructorSetsComputerValues()" classname="org.launchcode.ComputerTest" time="0.013"/>
  <testcase name="isConnectedToANetworkSetToTrue()" classname="org.launchcode.ComputerTest" time="0.001"/>
  <testcase name="isHasWifiSetToTrue()" classname="org.launchcode.ComputerTest" time="0.001"/>
  <testcase name="constructorSetsLapTopValues()" classname="org.launchcode.ComputerTest" time="0.001"/>
  <system-out><![CDATA[Calling: 314-757-9797
Can you hear me now?
Connected to Wifi
]]></system-out>
  <system-err><![CDATA[]]></system-err>
</testsuite>
